[2018nov21 14:45:30,172][INFO ][][consultarPartidasAbiertas ConsultaPartidasAbiertas.java:85][Iniciando WSConsultaPartidasAbiertas Channel:SIEBEL8 User:SADMIN]
[2018nov21 14:45:30,245][DEBUG][][consultarPartidasAbiertas ConsultaPartidasAbiertas.java:89][Numero de documento de identificacion:J015615691]
[2018nov21 14:45:30,389][INFO ][][consultarPartidasAbiertas ConsultaPartidasAbiertas.java:97][iniciando invocacion de ZFI_RFC_PART_ABIERTAS_VCOR]
[2018nov21 14:45:30,601][INFO ][][conectar RFCPartidasAbiertas.java:31][no se ha leido el parametro ClientPoolMaxConnections, utilizando valor por defecto=10]
[2018nov21 14:45:30,790][ERROR][][consultarPartidasAbiertas ConsultaPartidasAbiertas.java:101][error en intento de conexion a SAP]
java.lang.Exception: Error on ConsultaSap e-->> Nombre o clave de acceso incorrectos (repita la entrada al sistema)
	at digitel.ConectorSap.<init>(ConectorSap.java:148)
	at digitel.RFCPartidasAbiertas.conectar(RFCPartidasAbiertas.java:43)
	at digitel.ConsultaPartidasAbiertas.consultarPartidasAbiertas(ConsultaPartidasAbiertas.java:98)
	at digitel.bindings.WSConsultaPartidasAbiertasImpl.consultarPartidasAbiertas(WSConsultaPartidasAbiertasImpl.java:41)
	at sun.reflect.NativeMethodAccessorImpl.invoke0(Native Method)
	at sun.reflect.NativeMethodAccessorImpl.invoke(NativeMethodAccessorImpl.java:39)
	at sun.reflect.DelegatingMethodAccessorImpl.invoke(DelegatingMethodAccessorImpl.java:25)
	at java.lang.reflect.Method.invoke(Method.java:324)
	at weblogic.webservice.component.javaclass.JavaClassInvocationHandler.invoke(JavaClassInvocationHandler.java:133)
	at weblogic.webservice.core.handler.InvokeHandler.handleRequest(InvokeHandler.java:104)
	at weblogic.webservice.core.HandlerChainImpl.handleRequest(HandlerChainImpl.java:143)
	at weblogic.webservice.core.DefaultOperation.process(DefaultOperation.java:549)
	at weblogic.webservice.server.Dispatcher.process(Dispatcher.java:204)
	at weblogic.webservice.server.Dispatcher.doDispatch(Dispatcher.java:176)
	at weblogic.webservice.server.Dispatcher.dispatch(Dispatcher.java:96)
	at weblogic.webservice.server.WebServiceManager.dispatch(WebServiceManager.java:100)
	at weblogic.webservice.server.servlet.WebServiceServlet.serverSideInvoke(WebServiceServlet.java:297)
	at weblogic.webservice.server.servlet.ServletBase.doPost(ServletBase.java:485)
	at weblogic.webservice.server.servlet.WebServiceServlet.doPost(WebServiceServlet.java:267)
	at javax.servlet.http.HttpServlet.service(HttpServlet.java:760)
	at javax.servlet.http.HttpServlet.service(HttpServlet.java:853)
	at weblogic.servlet.internal.ServletStubImpl$ServletInvocationAction.run(ServletStubImpl.java:1072)
	at weblogic.servlet.internal.ServletStubImpl.invokeServlet(ServletStubImpl.java:465)
	at weblogic.servlet.internal.ServletStubImpl.invokeServlet(ServletStubImpl.java:348)
	at weblogic.servlet.internal.WebAppServletContext$ServletInvocationAction.run(WebAppServletContext.java:6981)
	at weblogic.security.acl.internal.AuthenticatedSubject.doAs(AuthenticatedSubject.java:321)
	at weblogic.security.service.SecurityManager.runAs(SecurityManager.java:121)
	at weblogic.servlet.internal.WebAppServletContext.invokeServlet(WebAppServletContext.java:3892)
	at weblogic.servlet.internal.ServletRequestImpl.execute(ServletRequestImpl.java:2766)
	at weblogic.kernel.ExecuteThread.execute(ExecuteThread.java:224)
	at weblogic.kernel.ExecuteThread.run(ExecuteThread.java:183)
Caused by: com.sap.mw.jco.JCO$Exception: (103) RFC_ERROR_LOGON_FAILURE: Nombre o clave de acceso incorrectos (repita la entrada al sistema)
	at digitel.ConectorSap.<init>(ConectorSap.java:150)
	... 30 more
